TN:
SF:app/index.js
FNF:0
FNH:0
DA:1,1
DA:2,1
DA:3,1
DA:4,1
DA:5,1
DA:6,1
DA:7,1
DA:8,1
DA:9,1
DA:10,1
DA:11,1
DA:12,1
DA:13,1
DA:14,1
DA:15,1
DA:16,1
DA:17,1
DA:18,1
DA:19,1
DA:20,1
DA:21,1
DA:22,1
DA:23,1
DA:24,1
DA:25,1
DA:26,1
DA:27,1
DA:28,1
DA:29,1
DA:30,1
DA:31,1
DA:32,1
DA:33,1
DA:34,1
DA:35,1
DA:36,1
DA:37,1
DA:38,1
DA:39,1
DA:40,1
LF:40
LH:40
BRDA:24,0,0,0
BRF:1
BRH:0
end_of_record
TN:
SF:app/controllers/API/AdminController.js
FN:6,<static_initializer>
FN:13,AdminController
FNF:2
FNH:2
FNDA:2,<static_initializer>
FNDA:2,AdminController
DA:1,1
DA:2,1
DA:3,1
DA:4,1
DA:5,1
DA:6,1
DA:7,1
DA:8,1
DA:9,1
DA:10,1
DA:11,1
DA:12,1
DA:13,1
DA:14,2
DA:15,2
DA:16,1
DA:17,1
DA:18,1
LF:18
LH:18
BRDA:6,0,0,2
BRDA:13,1,0,2
BRF:2
BRH:2
end_of_record
TN:
SF:app/controllers/API/CoreController.js
FN:3,<static_initializer>
FN:11,getAll
FN:23,getOne
FNF:3
FNH:1
FNDA:2,<static_initializer>
FNDA:0,getAll
FNDA:0,getOne
DA:1,1
DA:2,1
DA:3,1
DA:4,1
DA:5,1
DA:6,1
DA:7,1
DA:8,1
DA:9,1
DA:10,1
DA:11,1
DA:12,0
DA:13,0
DA:14,0
DA:15,0
DA:16,1
DA:17,1
DA:18,1
DA:19,1
DA:20,1
DA:21,1
DA:22,1
DA:23,1
DA:24,0
DA:25,0
DA:26,0
DA:27,0
DA:28,1
DA:29,1
DA:30,1
LF:30
LH:22
BRDA:3,0,0,2
BRF:1
BRH:1
end_of_record
TN:
SF:app/controllers/API/OworldController.js
FN:6,<static_initializer>
FN:13,OworldController
FNF:2
FNH:2
FNDA:2,<static_initializer>
FNDA:2,OworldController
DA:1,1
DA:2,1
DA:3,1
DA:4,1
DA:5,1
DA:6,1
DA:7,1
DA:8,1
DA:9,1
DA:10,1
DA:11,1
DA:12,1
DA:13,1
DA:14,2
DA:15,2
DA:16,1
DA:17,1
DA:18,1
LF:18
LH:18
BRDA:6,0,0,2
BRDA:13,1,0,2
BRF:2
BRH:2
end_of_record
TN:
SF:app/controllers/API/SessionController.js
FN:13,<static_initializer>
FN:20,SessionController
FN:32,login
FN:96,logout
FNF:4
FNH:3
FNDA:2,<static_initializer>
FNDA:2,SessionController
FNDA:2,login
FNDA:0,logout
DA:1,1
DA:2,1
DA:3,1
DA:4,1
DA:5,1
DA:6,1
DA:7,1
DA:8,1
DA:9,1
DA:10,1
DA:11,1
DA:12,1
DA:13,1
DA:14,1
DA:15,1
DA:16,1
DA:17,1
DA:18,1
DA:19,1
DA:20,1
DA:21,2
DA:22,2
DA:23,1
DA:24,1
DA:25,1
DA:26,1
DA:27,1
DA:28,1
DA:29,1
DA:30,1
DA:31,1
DA:32,1
DA:33,2
DA:34,2
DA:35,2
DA:36,2
DA:37,2
DA:38,2
DA:39,1
DA:40,1
DA:41,1
DA:42,1
DA:43,1
DA:44,1
DA:45,2
DA:46,0
DA:47,0
DA:48,1
DA:49,1
DA:50,1
DA:51,1
DA:52,1
DA:53,1
DA:54,1
DA:55,1
DA:56,1
DA:57,1
DA:58,1
DA:59,1
DA:60,1
DA:61,1
DA:62,1
DA:63,1
DA:64,1
DA:65,1
DA:66,1
DA:67,1
DA:68,1
DA:69,1
DA:70,1
DA:71,1
DA:72,1
DA:73,1
DA:74,1
DA:75,1
DA:76,1
DA:77,1
DA:78,1
DA:79,1
DA:80,1
DA:81,1
DA:82,1
DA:83,1
DA:84,1
DA:85,1
DA:86,1
DA:87,1
DA:88,1
DA:89,1
DA:90,1
DA:91,1
DA:92,1
DA:93,1
DA:94,1
DA:95,1
DA:96,1
DA:97,0
DA:98,0
DA:99,0
DA:100,1
DA:101,1
DA:102,1
LF:102
LH:97
BRDA:13,0,0,2
BRDA:20,1,0,2
BRDA:32,2,0,2
BRDA:38,3,0,1
BRDA:45,4,0,0
BRDA:47,5,0,1
BRF:6
BRH:5
end_of_record
TN:
SF:app/controllers/API/UserController.js
FN:12,<static_initializer>
FN:19,UserController
FN:29,getFavoriteCountries
FN:41,addFavorite
FN:53,deleteFavorite
FN:65,addUser
FN:91,updateUser
FN:111,deleteUser
FNF:8
FNH:2
FNDA:2,<static_initializer>
FNDA:2,UserController
FNDA:0,getFavoriteCountries
FNDA:0,addFavorite
FNDA:0,deleteFavorite
FNDA:0,addUser
FNDA:0,updateUser
FNDA:0,deleteUser
DA:1,1
DA:2,1
DA:3,1
DA:4,1
DA:5,1
DA:6,1
DA:7,1
DA:8,1
DA:9,1
DA:10,1
DA:11,1
DA:12,1
DA:13,1
DA:14,1
DA:15,1
DA:16,1
DA:17,1
DA:18,1
DA:19,1
DA:20,2
DA:21,2
DA:22,1
DA:23,1
DA:24,1
DA:25,1
DA:26,1
DA:27,1
DA:28,1
DA:29,1
DA:30,0
DA:31,0
DA:32,0
DA:33,0
DA:34,1
DA:35,1
DA:36,1
DA:37,1
DA:38,1
DA:39,1
DA:40,1
DA:41,1
DA:42,0
DA:43,0
DA:44,0
DA:45,0
DA:46,1
DA:47,1
DA:48,1
DA:49,1
DA:50,1
DA:51,1
DA:52,1
DA:53,1
DA:54,0
DA:55,0
DA:56,0
DA:57,0
DA:58,1
DA:59,1
DA:60,1
DA:61,1
DA:62,1
DA:63,1
DA:64,1
DA:65,1
DA:66,0
DA:67,0
DA:68,0
DA:69,0
DA:70,0
DA:71,0
DA:72,0
DA:73,0
DA:74,0
DA:75,0
DA:76,0
DA:77,0
DA:78,0
DA:79,0
DA:80,0
DA:81,0
DA:82,0
DA:83,0
DA:84,1
DA:85,1
DA:86,1
DA:87,1
DA:88,1
DA:89,1
DA:90,1
DA:91,1
DA:92,0
DA:93,0
DA:94,0
DA:95,0
DA:96,0
DA:97,0
DA:98,0
DA:99,0
DA:100,0
DA:101,0
DA:102,0
DA:103,0
DA:104,1
DA:105,1
DA:106,1
DA:107,1
DA:108,1
DA:109,1
DA:110,1
DA:111,1
DA:112,0
DA:113,0
DA:114,0
DA:115,0
DA:116,1
DA:117,1
DA:118,1
LF:118
LH:72
BRDA:12,0,0,2
BRDA:19,1,0,2
BRF:2
BRH:2
end_of_record
TN:
SF:app/controllers/API/externalApiController.js
FN:15,restCountry
FN:26,restCountryFlags
FN:37,worldBank
FNF:3
FNH:0
FNDA:0,restCountry
FNDA:0,restCountryFlags
FNDA:0,worldBank
DA:1,1
DA:2,1
DA:3,1
DA:4,1
DA:5,1
DA:6,1
DA:7,1
DA:8,1
DA:9,1
DA:10,1
DA:11,1
DA:12,1
DA:13,1
DA:14,1
DA:15,1
DA:16,0
DA:17,0
DA:18,1
DA:19,1
DA:20,1
DA:21,1
DA:22,1
DA:23,1
DA:24,1
DA:25,1
DA:26,1
DA:27,0
DA:28,0
DA:29,1
DA:30,1
DA:31,1
DA:32,1
DA:33,1
DA:34,1
DA:35,1
DA:36,1
DA:37,1
DA:38,0
DA:39,0
DA:40,0
DA:41,1
DA:42,1
DA:43,1
LF:43
LH:36
BRF:0
BRH:0
end_of_record
TN:
SF:app/controllers/API/index.js
FN:16,getHome
FNF:1
FNH:0
FNDA:0,getHome
DA:1,1
DA:2,1
DA:3,1
DA:4,1
DA:5,1
DA:6,1
DA:7,1
DA:8,1
DA:9,1
DA:10,1
DA:11,1
DA:12,1
DA:13,1
DA:14,1
DA:15,1
DA:16,1
DA:17,0
DA:18,0
DA:19,0
DA:20,1
DA:21,1
DA:22,1
DA:23,1
DA:24,1
DA:25,1
DA:26,1
DA:27,1
DA:28,1
LF:28
LH:25
BRF:0
BRH:0
end_of_record
TN:
SF:app/controllers/services/controllerHandler.js
FN:1,controllerHandler
FNF:1
FNH:1
FNDA:28,controllerHandler
DA:1,28
DA:2,28
DA:3,2
DA:4,2
DA:5,1
DA:6,1
DA:7,1
DA:8,28
DA:9,28
DA:10,1
DA:11,1
LF:11
LH:11
BRDA:1,0,0,28
BRDA:2,1,0,2
BRDA:4,2,0,1
BRF:3
BRH:3
end_of_record
TN:
SF:app/errors/Error400.js
FN:2,Error400
FNF:1
FNH:0
FNDA:0,Error400
DA:1,1
DA:2,1
DA:3,0
DA:4,0
DA:5,0
DA:6,0
DA:7,1
DA:8,1
DA:9,1
LF:9
LH:5
BRF:0
BRH:0
end_of_record
TN:
SF:app/errors/Error401.js
FN:2,Error401
FNF:1
FNH:0
FNDA:0,Error401
DA:1,1
DA:2,1
DA:3,0
DA:4,0
DA:5,0
DA:6,0
DA:7,1
DA:8,1
DA:9,1
LF:9
LH:5
BRF:0
BRH:0
end_of_record
TN:
SF:app/errors/Error403.js
FN:2,Error403
FNF:1
FNH:1
FNDA:1,Error403
DA:1,1
DA:2,1
DA:3,1
DA:4,1
DA:5,1
DA:6,1
DA:7,1
DA:8,1
DA:9,1
LF:9
LH:9
BRDA:2,0,0,1
BRF:1
BRH:1
end_of_record
TN:
SF:app/errors/Error404.js
FN:2,Error404
FNF:1
FNH:0
FNDA:0,Error404
DA:1,1
DA:2,1
DA:3,0
DA:4,0
DA:5,0
DA:6,0
DA:7,1
DA:8,1
DA:9,1
LF:9
LH:5
BRF:0
BRH:0
end_of_record
TN:
SF:app/errors/Error409.js
FN:2,Error409
FNF:1
FNH:0
FNDA:0,Error409
DA:1,1
DA:2,1
DA:3,0
DA:4,0
DA:5,0
DA:6,0
DA:7,1
DA:8,1
DA:9,1
LF:9
LH:5
BRF:0
BRH:0
end_of_record
TN:
SF:app/errors/Error503.js
FN:2,Error503
FNF:1
FNH:0
FNDA:0,Error503
DA:1,1
DA:2,1
DA:3,0
DA:4,0
DA:5,0
DA:6,0
DA:7,1
DA:8,1
DA:9,1
LF:9
LH:5
BRF:0
BRH:0
end_of_record
TN:
SF:app/errors/apiErrorHandler.js
FN:8,apiErrorHandler
FNF:1
FNH:1
FNDA:1,apiErrorHandler
DA:1,1
DA:2,1
DA:3,1
DA:4,1
DA:5,1
DA:6,1
DA:7,1
DA:8,1
DA:9,1
DA:10,1
DA:11,1
DA:12,1
DA:13,1
DA:14,0
DA:15,0
DA:16,1
DA:17,1
DA:18,1
DA:19,1
DA:20,1
DA:21,1
DA:22,1
DA:23,0
DA:24,0
DA:25,0
DA:26,0
DA:27,0
DA:28,0
DA:29,1
DA:30,1
DA:31,1
LF:31
LH:23
BRDA:8,0,0,1
BRDA:14,1,0,0
BRDA:15,2,0,0
BRDA:22,3,0,0
BRF:4
BRH:1
end_of_record
TN:
SF:app/models/AdminDataMapper.js
FN:6,<static_initializer>
FN:13,AdminDataMapper
FNF:2
FNH:2
FNDA:3,<static_initializer>
FNDA:3,AdminDataMapper
DA:1,1
DA:2,1
DA:3,1
DA:4,1
DA:5,1
DA:6,1
DA:7,1
DA:8,1
DA:9,1
DA:10,1
DA:11,1
DA:12,1
DA:13,1
DA:14,3
DA:15,3
DA:16,3
DA:17,1
DA:18,1
DA:19,1
LF:19
LH:19
BRDA:6,0,0,3
BRDA:13,1,0,3
BRF:2
BRH:2
end_of_record
TN:
SF:app/models/CoreDataMapper.js
FN:8,<static_initializer>
FN:10,findAll
FN:20,findOneByField
FN:31,executeFunction
FNF:4
FNH:2
FNDA:3,<static_initializer>
FNDA:0,findAll
FNDA:2,findOneByField
FNDA:0,executeFunction
DA:1,1
DA:2,1
DA:3,1
DA:4,1
DA:5,1
DA:6,1
DA:7,1
DA:8,1
DA:9,1
DA:10,1
DA:11,0
DA:12,0
DA:13,0
DA:14,0
DA:15,0
DA:16,0
DA:17,0
DA:18,0
DA:19,1
DA:20,1
DA:21,2
DA:22,2
DA:23,2
DA:24,2
DA:25,2
DA:26,2
DA:27,2
DA:28,2
DA:29,2
DA:30,1
DA:31,1
DA:32,0
DA:33,0
DA:34,0
DA:35,0
DA:36,0
DA:37,0
DA:38,0
DA:39,0
DA:40,0
DA:41,0
DA:42,1
DA:43,1
DA:44,1
LF:44
LH:26
BRDA:8,0,0,3
BRDA:20,1,0,2
BRF:2
BRH:2
end_of_record
TN:
SF:app/models/OworldDataMapper.js
FN:8,<static_initializer>
FN:15,OworldDataMapper
FNF:2
FNH:2
FNDA:2,<static_initializer>
FNDA:2,OworldDataMapper
DA:1,1
DA:2,1
DA:3,1
DA:4,1
DA:5,1
DA:6,1
DA:7,1
DA:8,1
DA:9,1
DA:10,1
DA:11,1
DA:12,1
DA:13,1
DA:14,1
DA:15,1
DA:16,2
DA:17,2
DA:18,2
DA:19,1
DA:20,1
DA:21,1
LF:21
LH:21
BRDA:8,0,0,2
BRDA:15,1,0,2
BRF:2
BRH:2
end_of_record
TN:
SF:app/models/UserDataMapper.js
FN:6,<static_initializer>
FN:8,UserDataMapper
FNF:2
FNH:2
FNDA:2,<static_initializer>
FNDA:2,UserDataMapper
DA:1,1
DA:2,1
DA:3,1
DA:4,1
DA:5,1
DA:6,1
DA:7,1
DA:8,1
DA:9,2
DA:10,2
DA:11,2
DA:12,1
DA:13,1
DA:14,1
LF:14
LH:14
BRDA:6,0,0,2
BRDA:8,1,0,2
BRF:2
BRH:2
end_of_record
TN:
SF:app/models/external_API/radioAPI.js
FN:15,fetchRadioData
FNF:1
FNH:1
FNDA:1,fetchRadioData
DA:1,1
DA:2,1
DA:3,1
DA:4,1
DA:5,1
DA:6,1
DA:7,1
DA:8,1
DA:9,1
DA:10,1
DA:11,1
DA:12,1
DA:13,1
DA:14,1
DA:15,1
DA:16,1
DA:17,1
DA:18,1
DA:19,1
DA:20,1
DA:21,1
DA:22,1
DA:23,1
DA:24,1
DA:25,1
DA:26,1
DA:27,1
DA:28,1
DA:29,1
DA:30,1
DA:31,1
DA:32,1
DA:33,1
DA:34,1
DA:35,1
DA:36,1
DA:37,1
DA:38,1
DA:39,1
DA:40,1
DA:41,0
DA:42,0
DA:43,1
DA:44,1
DA:45,1
LF:45
LH:43
BRDA:15,0,0,1
BRDA:40,1,0,0
BRF:2
BRH:1
end_of_record
TN:
SF:app/models/external_API/restCountryAPI.js
FN:11,fetchCountryData
FN:53,fetchAllCountries
FNF:2
FNH:0
FNDA:0,fetchCountryData
FNDA:0,fetchAllCountries
DA:1,1
DA:2,1
DA:3,1
DA:4,1
DA:5,1
DA:6,1
DA:7,1
DA:8,1
DA:9,1
DA:10,1
DA:11,1
DA:12,0
DA:13,0
DA:14,0
DA:15,0
DA:16,0
DA:17,0
DA:18,0
DA:19,0
DA:20,0
DA:21,0
DA:22,0
DA:23,0
DA:24,0
DA:25,0
DA:26,0
DA:27,0
DA:28,0
DA:29,0
DA:30,0
DA:31,0
DA:32,0
DA:33,0
DA:34,0
DA:35,0
DA:36,0
DA:37,0
DA:38,0
DA:39,0
DA:40,0
DA:41,0
DA:42,0
DA:43,0
DA:44,0
DA:45,0
DA:46,0
DA:47,1
DA:48,1
DA:49,1
DA:50,1
DA:51,1
DA:52,1
DA:53,1
DA:54,0
DA:55,0
DA:56,0
DA:57,0
DA:58,0
DA:59,0
DA:60,0
DA:61,0
DA:62,0
DA:63,0
DA:64,0
DA:65,0
DA:66,0
DA:67,0
DA:68,0
DA:69,0
DA:70,0
DA:71,0
DA:72,0
DA:73,1
DA:74,1
DA:75,1
LF:75
LH:21
BRF:0
BRH:0
end_of_record
TN:
SF:app/models/external_API/worldBankApi.js
FN:28,fetchDataByCategory
FN:94,fetchWorldBankData
FNF:2
FNH:2
FNDA:1,fetchDataByCategory
FNDA:1,fetchWorldBankData
DA:1,1
DA:2,1
DA:3,1
DA:4,1
DA:5,1
DA:6,1
DA:7,1
DA:8,1
DA:9,1
DA:10,1
DA:11,1
DA:12,1
DA:13,1
DA:14,1
DA:15,1
DA:16,1
DA:17,1
DA:18,1
DA:19,1
DA:20,1
DA:21,1
DA:22,1
DA:23,1
DA:24,1
DA:25,1
DA:26,1
DA:27,1
DA:28,1
DA:29,1
DA:30,1
DA:31,1
DA:32,5
DA:33,5
DA:34,5
DA:35,5
DA:36,0
DA:37,0
DA:38,5
DA:39,5
DA:40,5
DA:41,5
DA:42,5
DA:43,5
DA:44,5
DA:45,5
DA:46,5
DA:47,5
DA:48,25
DA:49,25
DA:50,5
DA:51,5
DA:52,5
DA:53,25
DA:54,25
DA:55,25
DA:56,25
DA:57,525
DA:58,525
DA:59,25
DA:60,25
DA:61,25
DA:62,25
DA:63,25
DA:64,25
DA:65,25
DA:66,25
DA:67,25
DA:68,5
DA:69,5
DA:70,5
DA:71,5
DA:72,5
DA:73,0
DA:74,0
DA:75,1
DA:76,1
DA:77,1
DA:78,1
DA:79,1
DA:80,1
DA:81,1
DA:82,1
DA:83,1
DA:84,1
DA:85,1
DA:86,1
DA:87,1
DA:88,1
DA:89,1
DA:90,1
DA:91,1
DA:92,1
DA:93,1
DA:94,1
DA:95,1
DA:96,1
DA:97,1
DA:98,1
DA:99,1
DA:100,0
DA:101,0
DA:102,1
DA:103,1
DA:104,1
LF:104
LH:98
BRDA:28,0,0,1
BRDA:31,1,0,5
BRDA:35,2,0,0
BRDA:47,3,0,25
BRDA:72,4,0,0
BRDA:52,5,0,25
BRDA:54,6,0,525
BRDA:56,7,0,525
BRDA:94,8,0,1
BRDA:99,9,0,0
BRF:10
BRH:7
end_of_record
TN:
SF:app/routers/index.js
FNF:0
FNH:0
DA:1,1
DA:2,1
DA:3,1
DA:4,1
DA:5,1
DA:6,1
DA:7,1
DA:8,1
DA:9,1
LF:9
LH:9
BRF:0
BRH:0
end_of_record
TN:
SF:app/routers/API/admin.js
FNF:0
FNH:0
DA:1,1
DA:2,1
DA:3,1
DA:4,1
DA:5,1
DA:6,1
DA:7,1
DA:8,1
DA:9,1
DA:10,1
DA:11,1
DA:12,1
DA:13,1
DA:14,1
DA:15,1
DA:16,1
DA:17,1
DA:18,1
DA:19,1
DA:20,1
DA:21,1
DA:22,1
DA:23,1
DA:24,1
DA:25,1
DA:26,1
DA:27,1
DA:28,1
DA:29,1
DA:30,1
DA:31,1
DA:32,1
DA:33,1
DA:34,1
DA:35,1
DA:36,1
DA:37,1
DA:38,1
DA:39,1
DA:40,1
DA:41,1
DA:42,1
DA:43,1
DA:44,1
DA:45,1
DA:46,1
DA:47,1
DA:48,1
DA:49,1
DA:50,1
DA:51,1
DA:52,1
DA:53,1
DA:54,1
DA:55,1
LF:55
LH:55
BRF:0
BRH:0
end_of_record
TN:
SF:app/routers/API/index.js
FNF:0
FNH:0
DA:1,1
DA:2,1
DA:3,1
DA:4,1
DA:5,1
DA:6,1
DA:7,1
DA:8,1
DA:9,1
DA:10,1
DA:11,1
DA:12,1
DA:13,1
DA:14,1
DA:15,1
DA:16,1
DA:17,1
DA:18,1
DA:19,1
DA:20,1
DA:21,1
DA:22,1
DA:23,1
DA:24,1
DA:25,1
DA:26,1
DA:27,1
DA:28,0
DA:29,1
DA:30,1
DA:31,1
DA:32,1
DA:33,1
DA:34,1
DA:35,1
DA:36,1
DA:37,1
LF:37
LH:36
BRDA:32,0,0,1
BRF:1
BRH:1
end_of_record
TN:
SF:app/routers/API/log.js
FNF:0
FNH:0
DA:1,1
DA:2,1
DA:3,1
DA:4,1
DA:5,1
DA:6,1
DA:7,1
DA:8,1
DA:9,1
DA:10,1
DA:11,1
DA:12,1
DA:13,1
DA:14,1
DA:15,1
DA:16,1
DA:17,1
DA:18,1
DA:19,1
DA:20,1
DA:21,1
DA:22,1
DA:23,1
DA:24,1
DA:25,1
DA:26,1
DA:27,1
DA:28,1
DA:29,1
DA:30,1
DA:31,1
DA:32,1
DA:33,1
DA:34,1
DA:35,1
DA:36,1
DA:37,1
DA:38,1
DA:39,1
DA:40,1
DA:41,1
DA:42,1
DA:43,1
LF:43
LH:43
BRF:0
BRH:0
end_of_record
TN:
SF:app/routers/API/oworld.js
FNF:0
FNH:0
DA:1,1
DA:2,1
DA:3,1
DA:4,1
DA:5,1
DA:6,1
DA:7,1
DA:8,1
DA:9,1
DA:10,1
DA:11,1
DA:12,1
DA:13,1
DA:14,1
DA:15,1
DA:16,1
DA:17,1
DA:18,1
DA:19,1
DA:20,1
DA:21,1
DA:22,1
DA:23,1
DA:24,1
DA:25,1
DA:26,1
DA:27,1
DA:28,1
DA:29,1
DA:30,1
DA:31,1
DA:32,1
DA:33,1
DA:34,1
DA:35,1
DA:36,1
DA:37,1
DA:38,1
DA:39,1
DA:40,1
DA:41,1
DA:42,1
DA:43,1
DA:44,1
DA:45,1
DA:46,1
DA:47,1
DA:48,1
DA:49,1
DA:50,1
DA:51,1
DA:52,1
DA:53,1
DA:54,1
DA:55,1
DA:56,1
DA:57,1
DA:58,1
DA:59,1
DA:60,1
DA:61,1
DA:62,1
DA:63,1
DA:64,1
DA:65,1
DA:66,1
DA:67,1
DA:68,1
DA:69,1
DA:70,1
DA:71,1
DA:72,1
DA:73,1
DA:74,1
DA:75,1
DA:76,1
DA:77,1
DA:78,1
DA:79,1
DA:80,1
DA:81,1
DA:82,1
DA:83,1
DA:84,1
DA:85,1
DA:86,1
DA:87,1
DA:88,1
DA:89,1
DA:90,1
DA:91,1
DA:92,1
DA:93,1
LF:93
LH:93
BRF:0
BRH:0
end_of_record
TN:
SF:app/routers/API/user.js
FNF:0
FNH:0
DA:1,1
DA:2,1
DA:3,1
DA:4,1
DA:5,1
DA:6,1
DA:7,1
DA:8,1
DA:9,1
DA:10,1
DA:11,1
DA:12,1
DA:13,1
DA:14,1
DA:15,1
DA:16,1
DA:17,1
DA:18,1
DA:19,1
DA:20,1
DA:21,1
DA:22,1
DA:23,1
DA:24,1
DA:25,1
DA:26,1
DA:27,1
DA:28,1
DA:29,1
DA:30,1
DA:31,1
DA:32,1
DA:33,1
DA:34,1
DA:35,1
DA:36,1
DA:37,1
DA:38,1
DA:39,1
DA:40,1
DA:41,1
DA:42,1
DA:43,1
DA:44,1
DA:45,1
DA:46,1
DA:47,1
DA:48,1
DA:49,1
DA:50,1
DA:51,1
DA:52,1
DA:53,1
DA:54,1
DA:55,1
DA:56,1
DA:57,1
DA:58,1
DA:59,1
DA:60,1
DA:61,1
DA:62,1
DA:63,1
DA:64,1
DA:65,1
DA:66,1
DA:67,1
DA:68,1
DA:69,1
DA:70,1
DA:71,1
DA:72,1
DA:73,1
DA:74,1
DA:75,1
DA:76,1
DA:77,1
DA:78,1
DA:79,1
DA:80,1
DA:81,1
DA:82,1
DA:83,1
DA:84,1
DA:85,1
DA:86,1
DA:87,1
DA:88,1
DA:89,1
DA:90,1
DA:91,1
DA:92,1
DA:93,1
DA:94,1
DA:95,1
DA:96,1
DA:97,1
DA:98,1
DA:99,1
DA:100,1
DA:101,1
DA:102,1
DA:103,1
DA:104,1
DA:105,1
DA:106,1
DA:107,1
DA:108,1
DA:109,1
DA:110,1
DA:111,1
DA:112,1
DA:113,1
DA:114,1
DA:115,1
DA:116,1
DA:117,1
DA:118,1
DA:119,1
DA:120,1
DA:121,1
DA:122,1
DA:123,1
DA:124,1
DA:125,1
DA:126,1
DA:127,1
DA:128,1
DA:129,1
DA:130,1
DA:131,1
DA:132,1
DA:133,1
DA:134,1
DA:135,1
DA:136,1
DA:137,1
DA:138,1
DA:139,1
DA:140,1
DA:141,1
DA:142,1
LF:142
LH:142
BRF:0
BRH:0
end_of_record
TN:
SF:app/services/authentification.js
FN:4,auth
FNF:1
FNH:0
FNDA:0,auth
DA:1,1
DA:2,1
DA:3,1
DA:4,1
DA:5,0
DA:6,0
DA:7,0
DA:8,0
DA:9,0
DA:10,0
DA:11,0
DA:12,0
DA:13,0
DA:14,0
DA:15,0
DA:16,0
DA:17,1
DA:18,1
LF:18
LH:6
BRF:0
BRH:0
end_of_record
TN:
SF:app/services/checkRBAC.js
FN:3,checkRole
FN:14,checkPermission
FNF:2
FNH:2
FNDA:4,checkRole
FNDA:2,checkPermission
DA:1,1
DA:2,1
DA:3,1
DA:4,1
DA:5,1
DA:6,1
DA:7,1
DA:8,0
DA:9,0
DA:10,0
DA:11,0
DA:12,0
DA:13,1
DA:14,1
DA:15,0
DA:16,0
DA:17,0
DA:18,0
DA:19,0
DA:20,0
DA:21,0
DA:22,0
DA:23,0
DA:24,1
DA:25,1
DA:26,1
DA:27,1
DA:28,1
LF:28
LH:14
BRDA:3,0,0,4
BRDA:3,1,0,1
BRDA:7,2,0,0
BRDA:7,3,0,0
BRDA:14,4,0,2
BRF:5
BRH:3
end_of_record
TN:
SF:app/services/clientdb.js
FNF:0
FNH:0
DA:1,1
DA:2,1
DA:3,1
DA:4,1
DA:5,1
DA:6,1
DA:7,1
DA:8,2
DA:9,0
DA:10,2
DA:11,2
DA:12,2
DA:13,1
DA:14,1
DA:15,1
LF:15
LH:14
BRDA:7,0,0,2
BRDA:8,1,0,0
BRF:2
BRH:1
end_of_record
TN:
SF:app/services/logger.js
FNF:0
FNH:0
DA:1,1
DA:2,1
DA:3,1
DA:4,1
DA:5,1
DA:6,1
DA:7,1
DA:8,0
DA:9,0
DA:10,0
DA:11,0
DA:12,0
DA:13,1
DA:14,1
DA:15,1
DA:16,0
DA:17,0
DA:18,0
DA:19,0
DA:20,0
DA:21,0
DA:22,0
DA:23,0
DA:24,1
DA:25,1
DA:26,1
DA:27,1
DA:28,1
DA:29,1
DA:30,1
DA:31,1
LF:31
LH:18
BRDA:7,0,0,0
BRDA:15,1,0,0
BRF:2
BRH:0
end_of_record
TN:
SF:app/services/sanitizer.js
FN:4,bodySanitizer
FNF:1
FNH:1
FNDA:3,bodySanitizer
DA:1,1
DA:2,1
DA:3,1
DA:4,1
DA:5,3
DA:6,0
DA:7,0
DA:8,0
DA:9,0
DA:10,3
DA:11,3
DA:12,1
DA:13,1
LF:13
LH:9
BRDA:4,0,0,3
BRDA:5,1,0,0
BRF:2
BRH:1
end_of_record
TN:
SF:app/services/swagger.js
FN:27,injectSwagger
FNF:1
FNH:1
FNDA:2,injectSwagger
DA:1,1
DA:2,1
DA:3,1
DA:4,1
DA:5,1
DA:6,1
DA:7,1
DA:8,1
DA:9,1
DA:10,1
DA:11,1
DA:12,1
DA:13,1
DA:14,1
DA:15,1
DA:16,1
DA:17,1
DA:18,1
DA:19,1
DA:20,1
DA:21,1
DA:22,1
DA:23,1
DA:24,1
DA:25,1
DA:26,1
DA:27,2
DA:28,2
DA:29,2
DA:30,2
DA:31,2
DA:32,1
DA:33,1
LF:33
LH:33
BRDA:8,0,0,0
BRDA:27,1,0,2
BRF:2
BRH:1
end_of_record
TN:
SF:app/services/validateParam.js
FN:16,validateId
FN:24,validateIso
FNF:2
FNH:2
FNDA:2,validateId
FNDA:2,validateIso
DA:1,1
DA:2,1
DA:3,1
DA:4,1
DA:5,1
DA:6,1
DA:7,1
DA:8,1
DA:9,1
DA:10,1
DA:11,1
DA:12,1
DA:13,1
DA:14,1
DA:15,1
DA:16,1
DA:17,0
DA:18,0
DA:19,0
DA:20,0
DA:21,0
DA:22,1
DA:23,1
DA:24,1
DA:25,0
DA:26,0
DA:27,0
DA:28,0
DA:29,0
DA:30,0
DA:31,1
DA:32,1
DA:33,1
LF:33
LH:22
BRDA:16,0,0,2
BRDA:24,1,0,2
BRF:2
BRH:2
end_of_record
TN:
SF:app/validations/schemas.js
FNF:0
FNH:0
DA:1,1
DA:2,1
DA:3,1
DA:4,1
DA:5,1
DA:6,1
DA:7,1
DA:8,1
DA:9,1
DA:10,1
DA:11,1
DA:12,1
DA:13,1
DA:14,1
DA:15,1
DA:16,1
DA:17,1
DA:18,1
DA:19,1
DA:20,1
DA:21,1
DA:22,1
DA:23,1
DA:24,1
LF:24
LH:24
BRF:0
BRH:0
end_of_record
TN:
SF:app/validations/validate.js
FN:11,validate
FNF:1
FNH:1
FNDA:4,validate
DA:1,1
DA:2,1
DA:3,1
DA:4,1
DA:5,1
DA:6,1
DA:7,1
DA:8,1
DA:9,1
DA:10,1
DA:11,4
DA:12,4
DA:13,0
DA:14,0
DA:15,0
DA:16,0
DA:17,0
DA:18,0
DA:19,4
DA:20,4
DA:21,1
DA:22,1
LF:22
LH:16
BRDA:11,0,0,4
BRF:1
BRH:1
end_of_record
